# JRE version: Java(TM) SE Runtime Environment (14.0.2+12) (build 14.0.2+12-46)
# Java VM: Java HotSpot(TM) 64-Bit Server VM (14.0.2+12-46, mixed mode, sharing, tiered, compressed oops, g1 gc, bsd-amd64)
Heap:
 garbage-first heap   total 20480K, used 11509K [0x00000007e0000000, 0x0000000800000000)
  region size 1024K, 2 young (2048K), 1 survivors (1024K)
 Metaspace       used 3291K, capacity 6214K, committed 6528K, reserved 1056768K
  class space    used 304K, capacity 606K, committed 640K, reserved 1048576K
GC Heap History (20 events):
Event: 211.747 GC heap before
{Heap before GC invocations=6 (full 2):
 garbage-first heap   total 17408K, used 6870K [0x00000007e0000000, 0x0000000800000000)
  region size 1024K, 3 young (3072K), 1 survivors (1024K)
 Metaspace       used 3272K, capacity 6214K, committed 6528K, reserved 1056768K
  class space    used 304K, capacity 606K, committed 640K, reserved 1048576K
}
Event: 211.748 GC heap after
{Heap after GC invocations=7 (full 2):
 garbage-first heap   total 17408K, used 5214K [0x00000007e0000000, 0x0000000800000000)
  region size 1024K, 1 young (1024K), 1 survivors (1024K)
 Metaspace       used 3272K, capacity 6214K, committed 6528K, reserved 1056768K
  class space    used 304K, capacity 606K, committed 640K, reserved 1048576K
}
Event: 212.009 GC heap before
{Heap before GC invocations=7 (full 2):
 garbage-first heap   total 17408K, used 5214K [0x00000007e0000000, 0x0000000800000000)
  region size 1024K, 3 young (3072K), 1 survivors (1024K)
 Metaspace       used 3275K, capacity 6214K, committed 6528K, reserved 1056768K
  class space    used 304K, capacity 606K, committed 640K, reserved 1048576K
}
Event: 212.021 GC heap after
{Heap after GC invocations=8 (full 3):
 garbage-first heap   total 17408K, used 4666K [0x00000007e0000000, 0x0000000800000000)
  region size 1024K, 0 young (0K), 0 survivors (0K)
 Metaspace       used 3275K, capacity 6214K, committed 6528K, reserved 1056768K
  class space    used 304K, capacity 606K, committed 640K, reserved 1048576K
}
Event: 212.031 GC heap before
{Heap before GC invocations=8 (full 3):
 garbage-first heap   total 17408K, used 7738K [0x00000007e0000000, 0x0000000800000000)
  region size 1024K, 3 young (3072K), 0 survivors (0K)
 Metaspace       used 3288K, capacity 6214K, committed 6528K, reserved 1056768K
  class space    used 304K, capacity 606K, committed 640K, reserved 1048576K
}
Event: 212.036 GC heap after
{Heap after GC invocations=9 (full 3):
 garbage-first heap   total 17408K, used 7715K [0x00000007e0000000, 0x0000000800000000)
  region size 1024K, 1 young (1024K), 1 survivors (1024K)
 Metaspace       used 3288K, capacity 6214K, committed 6528K, reserved 1056768K
  class space    used 304K, capacity 606K, committed 640K, reserved 1048576K
}
Event: 212.039 GC heap before
{Heap before GC invocations=9 (full 3):
 garbage-first heap   total 17408K, used 8739K [0x00000007e0000000, 0x0000000800000000)
  region size 1024K, 2 young (2048K), 1 survivors (1024K)
 Metaspace       used 3288K, capacity 6214K, committed 6528K, reserved 1056768K
  class space    used 304K, capacity 606K, committed 640K, reserved 1048576K
}
Event: 212.042 GC heap after
{Heap after GC invocations=10 (full 3):
 garbage-first heap   total 17408K, used 8902K [0x00000007e0000000, 0x0000000800000000)
  region size 1024K, 1 young (1024K), 1 survivors (1024K)
 Metaspace       used 3288K, capacity 6214K, committed 6528K, reserved 1056768K
  class space    used 304K, capacity 606K, committed 640K, reserved 1048576K
}
Event: 212.075 GC heap before
{Heap before GC invocations=11 (full 3):
 garbage-first heap   total 20480K, used 9926K [0x00000007e0000000, 0x0000000800000000)
  region size 1024K, 2 young (2048K), 1 survivors (1024K)
 Metaspace       used 3289K, capacity 6214K, committed 6528K, reserved 1056768K
  class space    used 304K, capacity 606K, committed 640K, reserved 1048576K
}
Event: 212.078 GC heap after
{Heap after GC invocations=12 (full 3):
 garbage-first heap   total 20480K, used 9824K [0x00000007e0000000, 0x0000000800000000)
  region size 1024K, 1 young (1024K), 1 survivors (1024K)
 Metaspace       used 3289K, capacity 6214K, committed 6528K, reserved 1056768K
  class space    used 304K, capacity 606K, committed 640K, reserved 1048576K
}
Event: 212.083 GC heap before
{Heap before GC invocations=12 (full 3):
 garbage-first heap   total 20480K, used 9824K [0x00000007e0000000, 0x0000000800000000)
  region size 1024K, 2 young (2048K), 1 survivors (1024K)
 Metaspace       used 3289K, capacity 6214K, committed 6528K, reserved 1056768K
  class space    used 304K, capacity 606K, committed 640K, reserved 1048576K
}
Event: 212.097 GC heap after
{Heap after GC invocations=13 (full 4):
 garbage-first heap   total 20480K, used 7486K [0x00000007e0000000, 0x0000000800000000)
  region size 1024K, 0 young (0K), 0 survivors (0K)
 Metaspace       used 3289K, capacity 6214K, committed 6528K, reserved 1056768K
  class space    used 304K, capacity 606K, committed 640K, reserved 1048576K
}
Event: 212.103 GC heap before
{Heap before GC invocations=13 (full 4):
 garbage-first heap   total 20480K, used 9534K [0x00000007e0000000, 0x0000000800000000)
  region size 1024K, 2 young (2048K), 0 survivors (0K)
 Metaspace       used 3289K, capacity 6214K, committed 6528K, reserved 1056768K
  class space    used 304K, capacity 606K, committed 640K, reserved 1048576K
}
Event: 212.105 GC heap after
{Heap after GC invocations=14 (full 4):
 garbage-first heap   total 20480K, used 9320K [0x00000007e0000000, 0x0000000800000000)
  region size 1024K, 1 young (1024K), 1 survivors (1024K)
 Metaspace       used 3289K, capacity 6214K, committed 6528K, reserved 1056768K
  class space    used 304K, capacity 606K, committed 640K, reserved 1048576K
}
Event: 212.110 GC heap before
{Heap before GC invocations=14 (full 4):
 garbage-first heap   total 20480K, used 10344K [0x00000007e0000000, 0x0000000800000000)
  region size 1024K, 2 young (2048K), 1 survivors (1024K)
 Metaspace       used 3289K, capacity 6214K, committed 6528K, reserved 1056768K
  class space    used 304K, capacity 606K, committed 640K, reserved 1048576K
}
Event: 212.112 GC heap after
{Heap after GC invocations=15 (full 4):
 garbage-first heap   total 20480K, used 10344K [0x00000007e0000000, 0x0000000800000000)
  region size 1024K, 1 young (1024K), 1 survivors (1024K)
 Metaspace       used 3289K, capacity 6214K, committed 6528K, reserved 1056768K
  class space    used 304K, capacity 606K, committed 640K, reserved 1048576K
}
Event: 212.116 GC heap before
{Heap before GC invocations=15 (full 4):
 garbage-first heap   total 20480K, used 11368K [0x00000007e0000000, 0x0000000800000000)
  region size 1024K, 2 young (2048K), 1 survivors (1024K)
 Metaspace       used 3291K, capacity 6214K, committed 6528K, reserved 1056768K
  class space    used 304K, capacity 606K, committed 640K, reserved 1048576K
}
Event: 212.118 GC heap after
{Heap after GC invocations=16 (full 4):
 garbage-first heap   total 20480K, used 10800K [0x00000007e0000000, 0x0000000800000000)
  region size 1024K, 1 young (1024K), 1 survivors (1024K)
 Metaspace       used 3291K, capacity 6214K, committed 6528K, reserved 1056768K
  class space    used 304K, capacity 606K, committed 640K, reserved 1048576K
}
Event: 212.123 GC heap before
{Heap before GC invocations=16 (full 4):
 garbage-first heap   total 20480K, used 11824K [0x00000007e0000000, 0x0000000800000000)
  region size 1024K, 2 young (2048K), 1 survivors (1024K)
 Metaspace       used 3291K, capacity 6214K, committed 6528K, reserved 1056768K
  class space    used 304K, capacity 606K, committed 640K, reserved 1048576K
}
Event: 212.124 GC heap after
{Heap after GC invocations=17 (full 4):
 garbage-first heap   total 20480K, used 11509K [0x00000007e0000000, 0x0000000800000000)
  region size 1024K, 1 young (1024K), 1 survivors (1024K)
 Metaspace       used 3291K, capacity 6214K, committed 6528K, reserved 1056768K
  class space    used 304K, capacity 606K, committed 640K, reserved 1048576K
}

